  [1m[36m (1.2ms)[0m  [1mCREATE TABLE "schema_migrations" ("version" varchar NOT NULL) [0m
  [1m[35m (0.0ms)[0m  select sqlite_version(*)
  [1m[36m (1.0ms)[0m  [1mCREATE UNIQUE INDEX "unique_schema_migrations" ON "schema_migrations" ("version")[0m
  [1m[35mActiveRecord::SchemaMigration Load (0.1ms)[0m  SELECT "schema_migrations".* FROM "schema_migrations"
  [1m[36mActiveRecord::SchemaMigration Load (0.1ms)[0m  [1mSELECT "schema_migrations".* FROM "schema_migrations"[0m
Migrating to CreatePosts (20151230232412)
  [1m[35m (0.1ms)[0m  begin transaction
  [1m[36m (0.4ms)[0m  [1mCREATE TABLE "posts" ("id" INTEGER PRIMARY KEY AUTOINCREMENT NOT NULL, "title" varchar, "description" text, "created_at" datetime NOT NULL, "updated_at" datetime NOT NULL) [0m
  [1m[35mSQL (0.2ms)[0m  INSERT INTO "schema_migrations" ("version") VALUES (?)  [["version", "20151230232412"]]
  [1m[36m (1.3ms)[0m  [1mcommit transaction[0m
  [1m[35mActiveRecord::SchemaMigration Load (0.1ms)[0m  SELECT "schema_migrations".* FROM "schema_migrations"


Started GET "/posts/new" for ::1 at 2015-12-31 13:44:56 -0600
  [1m[36mActiveRecord::SchemaMigration Load (0.1ms)[0m  [1mSELECT "schema_migrations".* FROM "schema_migrations"[0m
Processing by PostsController#new as HTML
  Rendered posts/new.html.erb within layouts/application (2.1ms)
Completed 200 OK in 347ms (Views: 326.8ms | ActiveRecord: 0.2ms)


Started GET "/assets/application.self-e80e8f2318043e8af94dddc2adad5a4f09739a8ebb323b3ab31cd71d45fd9113.css?body=1" for ::1 at 2015-12-31 13:44:57 -0600


Started GET "/assets/application.self-3b8dabdc891efe46b9a144b400ad69e37d7e5876bdc39dee783419a69d7ca819.js?body=1" for ::1 at 2015-12-31 13:44:57 -0600


Started POST "/posts" for ::1 at 2015-12-31 13:45:03 -0600
Processing by PostsController#create as HTML
  Parameters: {"utf8"=>"✓", "authenticity_token"=>"mFCuNJP5reOW19phdr4zXRLzOMo4NZQ3wneiVR+RO/+owIoDiOxh24iHKkZ7DGazxbSIoRmvIOmJgA4gog1sGg==", "title"=>"Rails Introduction Quiz", "description"=>"asdfasdf", "commit"=>"Submit Post"}
  [1m[35m (0.1ms)[0m  begin transaction
  [1m[36mSQL (0.4ms)[0m  [1mINSERT INTO "posts" ("title", "description", "created_at", "updated_at") VALUES (?, ?, ?, ?)[0m  [["title", "Rails Introduction Quiz"], ["description", "asdfasdf"], ["created_at", "2015-12-31 19:45:03.614973"], ["updated_at", "2015-12-31 19:45:03.614973"]]
  [1m[35m (1.2ms)[0m  commit transaction
Redirected to http://localhost:3000/posts/1
Completed 302 Found in 22ms (ActiveRecord: 1.7ms)


Started GET "/posts/1" for ::1 at 2015-12-31 13:45:03 -0600
Processing by PostsController#show as HTML
  Parameters: {"id"=>"1"}
  [1m[36mPost Load (0.2ms)[0m  [1mSELECT  "posts".* FROM "posts" WHERE "posts"."id" = ? LIMIT 1[0m  [["id", 1]]
  Rendered posts/show.html.erb within layouts/application (0.4ms)
Completed 200 OK in 27ms (Views: 10.4ms | ActiveRecord: 0.2ms)


Started GET "/posts" for 127.0.0.1 at 2019-02-13 12:20:57 -0800
  [1m[36mActiveRecord::SchemaMigration Load (0.2ms)[0m  [1mSELECT "schema_migrations".* FROM "schema_migrations"[0m
Processing by PostsController#index as HTML
  [1m[35mPost Load (0.3ms)[0m  SELECT "posts".* FROM "posts"
  Rendered posts/index.html.erb within layouts/application (20.6ms)
Completed 200 OK in 954ms (Views: 921.3ms | ActiveRecord: 0.8ms)


Started GET "/assets/application.self-e80e8f2318043e8af94dddc2adad5a4f09739a8ebb323b3ab31cd71d45fd9113.css?body=1" for 127.0.0.1 at 2019-02-13 12:20:58 -0800


Started GET "/assets/jquery.self-bd7ddd393353a8d2480a622e80342adf488fb6006d667e8b42e4c0073393abee.js?body=1" for 127.0.0.1 at 2019-02-13 12:20:58 -0800


Started GET "/assets/jquery_ujs.self-784a997f6726036b1993eb2217c9cb558e1cbb801c6da88105588c56f13b466a.js?body=1" for 127.0.0.1 at 2019-02-13 12:20:58 -0800


Started GET "/assets/turbolinks.self-569ee74eaa15c1e2019317ff770b8769b1ec033a0f572a485f64c82ddc8f989e.js?body=1" for 127.0.0.1 at 2019-02-13 12:20:58 -0800


Started GET "/assets/application.self-3b8dabdc891efe46b9a144b400ad69e37d7e5876bdc39dee783419a69d7ca819.js?body=1" for 127.0.0.1 at 2019-02-13 12:20:58 -0800


Started GET "/posts/new" for 127.0.0.1 at 2019-02-13 12:21:04 -0800
Processing by PostsController#new as HTML
  Rendered posts/new.html.erb within layouts/application (1.5ms)
Completed 200 OK in 50ms (Views: 49.6ms | ActiveRecord: 0.0ms)


Started POST "/posts" for 127.0.0.1 at 2019-02-13 12:21:25 -0800
Processing by PostsController#create as HTML
  Parameters: {"utf8"=>"✓", "authenticity_token"=>"B7nIfif3Xiksa8NKtSj8UnQIvyov7kDVI26PwYfQCqiTR0vXHR56KPQQZec5KG/MRLPMFCMj7U+unvmMU0fCcQ==", "title"=>"Dyllon", "description"=>"Coolest child ever!!!", "commit"=>"Submit Post"}
Completed 400 Bad Request in 1ms (ActiveRecord: 0.0ms)

ActionController::ParameterMissing (param is missing or the value is empty: post):
  app/controllers/posts_controller.rb:21:in `post_params'
  app/controllers/posts_controller.rb:15:in `create'


  Rendered /home/learn/.rvm/gems/ruby-2.3.6/gems/actionpack-4.2.11/lib/action_dispatch/middleware/templates/rescues/_source.erb (12.9ms)
  Rendered /home/learn/.rvm/gems/ruby-2.3.6/gems/actionpack-4.2.11/lib/action_dispatch/middleware/templates/rescues/_trace.html.erb (8.9ms)
  Rendered /home/learn/.rvm/gems/ruby-2.3.6/gems/actionpack-4.2.11/lib/action_dispatch/middleware/templates/rescues/_request_and_response.html.erb (1.8ms)
  Rendered /home/learn/.rvm/gems/ruby-2.3.6/gems/actionpack-4.2.11/lib/action_dispatch/middleware/templates/rescues/diagnostics.html.erb within rescues/layout (116.6ms)


Started POST "/posts" for 127.0.0.1 at 2019-02-13 12:22:57 -0800
  [1m[36mActiveRecord::SchemaMigration Load (0.2ms)[0m  [1mSELECT "schema_migrations".* FROM "schema_migrations"[0m
Processing by PostsController#create as HTML
  Parameters: {"utf8"=>"✓", "authenticity_token"=>"B7nIfif3Xiksa8NKtSj8UnQIvyov7kDVI26PwYfQCqiTR0vXHR56KPQQZec5KG/MRLPMFCMj7U+unvmMU0fCcQ==", "title"=>"Dyllon", "description"=>"Coolest child ever!!!", "commit"=>"Submit Post"}
Completed 400 Bad Request in 34ms (ActiveRecord: 0.0ms)

ActionController::ParameterMissing (param is missing or the value is empty: post):
  app/controllers/posts_controller.rb:21:in `post_params'
  app/controllers/posts_controller.rb:15:in `create'


  Rendered /home/learn/.rvm/gems/ruby-2.3.6/gems/actionpack-4.2.11/lib/action_dispatch/middleware/templates/rescues/_source.erb (13.6ms)
  Rendered /home/learn/.rvm/gems/ruby-2.3.6/gems/actionpack-4.2.11/lib/action_dispatch/middleware/templates/rescues/_trace.html.erb (13.1ms)
  Rendered /home/learn/.rvm/gems/ruby-2.3.6/gems/actionpack-4.2.11/lib/action_dispatch/middleware/templates/rescues/_request_and_response.html.erb (9.7ms)
  Rendered /home/learn/.rvm/gems/ruby-2.3.6/gems/actionpack-4.2.11/lib/action_dispatch/middleware/templates/rescues/diagnostics.html.erb within rescues/layout (125.0ms)


Started POST "/posts" for 127.0.0.1 at 2019-02-13 12:26:40 -0800
Processing by PostsController#create as HTML
  Parameters: {"utf8"=>"✓", "authenticity_token"=>"B7nIfif3Xiksa8NKtSj8UnQIvyov7kDVI26PwYfQCqiTR0vXHR56KPQQZec5KG/MRLPMFCMj7U+unvmMU0fCcQ==", "title"=>"Dyllon", "description"=>"Coolest child ever!!!", "commit"=>"Submit Post"}
Completed 400 Bad Request in 7ms (ActiveRecord: 0.0ms)

ActionController::ParameterMissing (param is missing or the value is empty: post):
  app/controllers/posts_controller.rb:22:in `post_params'
  app/controllers/posts_controller.rb:15:in `create'


  Rendered /home/learn/.rvm/gems/ruby-2.3.6/gems/actionpack-4.2.11/lib/action_dispatch/middleware/templates/rescues/_source.erb (23.8ms)
  Rendered /home/learn/.rvm/gems/ruby-2.3.6/gems/actionpack-4.2.11/lib/action_dispatch/middleware/templates/rescues/_trace.html.erb (34.3ms)
  Rendered /home/learn/.rvm/gems/ruby-2.3.6/gems/actionpack-4.2.11/lib/action_dispatch/middleware/templates/rescues/_request_and_response.html.erb (4.2ms)
  Rendered /home/learn/.rvm/gems/ruby-2.3.6/gems/actionpack-4.2.11/lib/action_dispatch/middleware/templates/rescues/diagnostics.html.erb within rescues/layout (170.0ms)


Started POST "/posts" for 127.0.0.1 at 2019-02-13 12:31:35 -0800
  [1m[36mActiveRecord::SchemaMigration Load (0.1ms)[0m  [1mSELECT "schema_migrations".* FROM "schema_migrations"[0m
Processing by PostsController#create as HTML
  Parameters: {"utf8"=>"✓", "authenticity_token"=>"B7nIfif3Xiksa8NKtSj8UnQIvyov7kDVI26PwYfQCqiTR0vXHR56KPQQZec5KG/MRLPMFCMj7U+unvmMU0fCcQ==", "title"=>"Dyllon", "description"=>"Coolest child ever!!!", "commit"=>"Submit Post"}
Completed 500 Internal Server Error in 96796ms (ActiveRecord: 0.0ms)

ArgumentError (wrong number of arguments (given 2, expected 0..1)):
  app/controllers/posts_controller.rb:16:in `create'


  Rendered /home/learn/.rvm/gems/ruby-2.3.6/gems/actionpack-4.2.11/lib/action_dispatch/middleware/templates/rescues/_source.erb (11.7ms)
  Rendered /home/learn/.rvm/gems/ruby-2.3.6/gems/actionpack-4.2.11/lib/action_dispatch/middleware/templates/rescues/_trace.html.erb (9.4ms)
  Rendered /home/learn/.rvm/gems/ruby-2.3.6/gems/actionpack-4.2.11/lib/action_dispatch/middleware/templates/rescues/_request_and_response.html.erb (1.7ms)
  Rendered /home/learn/.rvm/gems/ruby-2.3.6/gems/actionpack-4.2.11/lib/action_dispatch/middleware/templates/rescues/diagnostics.html.erb within rescues/layout (111.0ms)


Started POST "/posts" for 127.0.0.1 at 2019-02-13 12:33:13 -0800
Processing by PostsController#create as HTML
  Parameters: {"utf8"=>"✓", "authenticity_token"=>"B7nIfif3Xiksa8NKtSj8UnQIvyov7kDVI26PwYfQCqiTR0vXHR56KPQQZec5KG/MRLPMFCMj7U+unvmMU0fCcQ==", "title"=>"Dyllon", "description"=>"Coolest child ever!!!", "commit"=>"Submit Post"}
  [1m[35m (0.1ms)[0m  begin transaction
  [1m[36mSQL (2.5ms)[0m  [1mINSERT INTO "posts" ("title", "description", "created_at", "updated_at") VALUES (?, ?, ?, ?)[0m  [["title", "Dyllon"], ["description", "Coolest child ever!!!"], ["created_at", "2019-02-13 20:33:15.198794"], ["updated_at", "2019-02-13 20:33:15.198794"]]
  [1m[35m (9.2ms)[0m  commit transaction
Redirected to http://localhost:3000/posts/2
Completed 302 Found in 1855ms (ActiveRecord: 16.6ms)


Started GET "/posts" for 127.0.0.1 at 2019-02-13 12:33:32 -0800
  [1m[36mActiveRecord::SchemaMigration Load (0.2ms)[0m  [1mSELECT "schema_migrations".* FROM "schema_migrations"[0m
Processing by PostsController#index as HTML
  [1m[35mPost Load (0.2ms)[0m  SELECT "posts".* FROM "posts"
  Rendered posts/index.html.erb within layouts/application (18.9ms)
Completed 200 OK in 684ms (Views: 650.9ms | ActiveRecord: 0.9ms)


Started GET "/posts/new" for 127.0.0.1 at 2019-02-13 12:33:43 -0800
Processing by PostsController#new as HTML
  Rendered posts/new.html.erb within layouts/application (3.3ms)
Completed 200 OK in 46ms (Views: 45.2ms | ActiveRecord: 0.0ms)


Started POST "/posts" for 127.0.0.1 at 2019-02-13 12:33:56 -0800
Processing by PostsController#create as HTML
  Parameters: {"utf8"=>"✓", "authenticity_token"=>"r7RYiAqfTEQOGEaPehrzD/dtWV1DhE48IhecyfhYG2I7StshMHZoRdZj4CL2GmCRx9YqY09J46av5+qELM/Tuw==", "title"=>"Dyllon", "description"=>"loves kitty!", "commit"=>"Submit Post"}
  [1m[36m (0.2ms)[0m  [1mbegin transaction[0m
  [1m[35mSQL (0.3ms)[0m  INSERT INTO "posts" ("title", "description", "created_at", "updated_at") VALUES (?, ?, ?, ?)  [["title", "Dyllon"], ["description", "loves kitty!"], ["created_at", "2019-02-13 20:34:25.440555"], ["updated_at", "2019-02-13 20:34:25.440555"]]
  [1m[36m (5.2ms)[0m  [1mcommit transaction[0m
Redirected to http://localhost:3000/posts/3
Completed 302 Found in 29085ms (ActiveRecord: 5.7ms)


Started GET "/posts/3" for 127.0.0.1 at 2019-02-13 12:34:25 -0800
Processing by PostsController#show as HTML
  Parameters: {"id"=>"3"}
  [1m[35mPost Load (0.2ms)[0m  SELECT  "posts".* FROM "posts" WHERE "posts"."id" = ? LIMIT 1  [["id", 3]]
  Rendered posts/show.html.erb within layouts/application (0.7ms)
Completed 200 OK in 97ms (Views: 59.6ms | ActiveRecord: 1.0ms)


Started GET "/posts" for 127.0.0.1 at 2019-02-13 12:34:36 -0800
  [1m[36mActiveRecord::SchemaMigration Load (0.2ms)[0m  [1mSELECT "schema_migrations".* FROM "schema_migrations"[0m
Processing by PostsController#index as HTML
  [1m[35mPost Load (0.2ms)[0m  SELECT "posts".* FROM "posts"
  Rendered posts/index.html.erb within layouts/application (21.5ms)
Completed 200 OK in 641ms (Views: 603.9ms | ActiveRecord: 0.9ms)


Started GET "/posts/1" for 127.0.0.1 at 2019-02-13 12:36:22 -0800
Processing by PostsController#show as HTML
  Parameters: {"id"=>"1"}
  [1m[36mPost Load (0.3ms)[0m  [1mSELECT  "posts".* FROM "posts" WHERE "posts"."id" = ? LIMIT 1[0m  [["id", 1]]
  Rendered posts/show.html.erb within layouts/application (0.6ms)
Completed 200 OK in 93ms (Views: 53.1ms | ActiveRecord: 1.1ms)


Started GET "/posts/2" for 127.0.0.1 at 2019-02-13 12:36:30 -0800
Processing by PostsController#show as HTML
  Parameters: {"id"=>"2"}
  [1m[35mPost Load (0.1ms)[0m  SELECT  "posts".* FROM "posts" WHERE "posts"."id" = ? LIMIT 1  [["id", 2]]
  Rendered posts/show.html.erb within layouts/application (0.1ms)
Completed 200 OK in 45ms (Views: 41.0ms | ActiveRecord: 0.1ms)


Started GET "/posts/3" for 127.0.0.1 at 2019-02-13 12:36:34 -0800
Processing by PostsController#show as HTML
  Parameters: {"id"=>"3"}
  [1m[36mPost Load (0.2ms)[0m  [1mSELECT  "posts".* FROM "posts" WHERE "posts"."id" = ? LIMIT 1[0m  [["id", 3]]
  Rendered posts/show.html.erb within layouts/application (0.1ms)
Completed 200 OK in 51ms (Views: 46.7ms | ActiveRecord: 0.2ms)
